<?xml version="1.0" encoding="UTF-8"?>
<testsuite xmlns:xsi="http://www.w3.org/2001/XMLSchema-instance" xsi:noNamespaceSchemaLocation="https://maven.apache.org/surefire/maven-surefire-plugin/xsd/surefire-test-report-3.0.xsd" version="3.0" name="RunTests" time="21.812" tests="8" errors="0" skipped="0" failures="2">
  <properties>
[...]
</properties>
  <testcase name="Trying to create an account without authenticating" classname="Negative tests on the &quot;SeuBarriga&quot; API" time="2.546">
    <system-err><![CDATA[SLF4J: Failed to load class "org.slf4j.impl.StaticLoggerBinder".
SLF4J: Defaulting to no-operation (NOP) logger implementation
SLF4J: See http://www.slf4j.org/codes.html#StaticLoggerBinder for further details.
]]></system-err>
  </testcase>
  <testcase name="Trying to create a duplicate account" classname="Negative tests on the &quot;SeuBarriga&quot; API" time="2.726">
    <failure message="1 expectation failed.&#10;JSON path error doesn&apos;t match.&#10;Expected: is &quot;JÃ¡ existe uma conta com esse nome!&quot;&#10;  Actual: Já existe uma conta com esse nome!&#10;" type="java.lang.AssertionError"><![CDATA[java.lang.AssertionError: 
1 expectation failed.
JSON path error doesn't match.
Expected: is "JÃ¡ existe uma conta com esse nome!"
  Actual: Já existe uma conta com esse nome!

	at sun.reflect.NativeConstructorAccessorImpl.newInstance0(Native Method)
	at sun.reflect.NativeConstructorAccessorImpl.newInstance(NativeConstructorAccessorImpl.java:62)
	at sun.reflect.DelegatingConstructorAccessorImpl.newInstance(DelegatingConstructorAccessorImpl.java:45)
	at java.lang.reflect.Constructor.newInstance(Constructor.java:423)
	at org.codehaus.groovy.reflection.CachedConstructor.invoke(CachedConstructor.java:73)
	at org.codehaus.groovy.reflection.CachedConstructor.doConstructorInvoke(CachedConstructor.java:60)
	at org.codehaus.groovy.runtime.callsite.ConstructorSite$ConstructorSiteNoUnwrap.callConstructor(ConstructorSite.java:86)
	at org.codehaus.groovy.runtime.callsite.CallSiteArray.defaultCallConstructor(CallSiteArray.java:57)
	at org.codehaus.groovy.runtime.callsite.AbstractCallSite.callConstructor(AbstractCallSite.java:263)
	at org.codehaus.groovy.runtime.callsite.AbstractCallSite.callConstructor(AbstractCallSite.java:277)
	at io.restassured.internal.ResponseSpecificationImpl$HamcrestAssertionClosure.validate(ResponseSpecificationImpl.groovy:512)
	at io.restassured.internal.ResponseSpecificationImpl$HamcrestAssertionClosure$validate$1.call(Unknown Source)
	at io.restassured.internal.ResponseSpecificationImpl.validateResponseIfRequired(ResponseSpecificationImpl.groovy:696)
	at io.restassured.internal.ResponseSpecificationImpl.this$2$validateResponseIfRequired(ResponseSpecificationImpl.groovy)
	at sun.reflect.NativeMethodAccessorImpl.invoke0(Native Method)
	at sun.reflect.NativeMethodAccessorImpl.invoke(NativeMethodAccessorImpl.java:62)
	at sun.reflect.DelegatingMethodAccessorImpl.invoke(DelegatingMethodAccessorImpl.java:43)
	at java.lang.reflect.Method.invoke(Method.java:498)
	at org.codehaus.groovy.runtime.callsite.PlainObjectMetaMethodSite.doInvoke(PlainObjectMetaMethodSite.java:43)
	at org.codehaus.groovy.runtime.callsite.PogoMetaMethodSite$PogoCachedMethodSiteNoUnwrapNoCoerce.invoke(PogoMetaMethodSite.java:198)
	at org.codehaus.groovy.runtime.callsite.PogoMetaMethodSite.callCurrent(PogoMetaMethodSite.java:62)
	at org.codehaus.groovy.runtime.callsite.CallSiteArray.defaultCallCurrent(CallSiteArray.java:49)
	at org.codehaus.groovy.runtime.callsite.AbstractCallSite.callCurrent(AbstractCallSite.java:171)
	at org.codehaus.groovy.runtime.callsite.AbstractCallSite.callCurrent(AbstractCallSite.java:185)
	at io.restassured.internal.ResponseSpecificationImpl.body(ResponseSpecificationImpl.groovy:270)
	at io.restassured.specification.ResponseSpecification$body$2.callCurrent(Unknown Source)
	at org.codehaus.groovy.runtime.callsite.CallSiteArray.defaultCallCurrent(CallSiteArray.java:49)
	at org.codehaus.groovy.runtime.callsite.AbstractCallSite.callCurrent(AbstractCallSite.java:171)
	at org.codehaus.groovy.runtime.callsite.AbstractCallSite.callCurrent(AbstractCallSite.java:212)
	at io.restassured.internal.ResponseSpecificationImpl.body(ResponseSpecificationImpl.groovy:117)
	at io.restassured.internal.ValidatableResponseOptionsImpl.body(ValidatableResponseOptionsImpl.java:244)
	at steps.ApiBarrigaSteps.iPostTheRequestToCreateTheNewAccountWithAnAlreadyRegisteredName(ApiBarrigaSteps.java:135)
	at ✽.i post the request to create the new account with an already registered name(file:///D:/rest-assured-automation-barriga/src/main/java/resources/NegativeScenarios.feature:15)
]]></failure>
    <system-out><![CDATA[HTTP/1.1 200 OK
Server: nginx/1.12.1 (Ubuntu)
Date: Tue, 09 May 2023 18:50:12 GMT
Content-Type: application/json; charset=utf-8
Content-Length: 134
Connection: keep-alive
X-Powered-By: Express
Access-Control-Allow-Origin: *
ETag: W/"86-JmpXsrjdFuRn1WK802ORF+mIArE"

{
    "id": 10223,
    "nome": "test",
    "token": "eyJ0eXAiOiJKV1QiLCJhbGciOiJIUzI1NiJ9.eyJpZCI6MTAyMjN9.zxnBf3lFzwN8wfBM438vOCjDf3eR_nUDXdvFnQ-pnU4"
}
Request method:	POST
Request URI:	https://barrigarest.wcaquino.me/contas
Proxy:			<none>
Request params:	<none>
Query params:	<none>
Form params:	<none>
Path params:	<none>
Headers:		Authorization=JWT eyJ0eXAiOiJKV1QiLCJhbGciOiJIUzI1NiJ9.eyJpZCI6MTAyMjN9.zxnBf3lFzwN8wfBM438vOCjDf3eR_nUDXdvFnQ-pnU4
				Accept=*/*
				Content-Type=application/json
Cookies:		<none>
Multiparts:		<none>
Body:
{
    "nome": "nome"
}

HTTP/1.1 400 Bad Request
Server: nginx/1.12.1 (Ubuntu)
Date: Tue, 09 May 2023 18:50:14 GMT
Content-Type: application/json; charset=utf-8
Content-Length: 47
Connection: keep-alive
X-Powered-By: Express
Access-Control-Allow-Origin: *
ETag: W/"2f-Yp0yjTChK17tu8PRQa5WFY5+BH8"

{
    "error": "Já existe uma conta com esse nome!"
}
]]></system-out>
  </testcase>
  <testcase name="Trying to insert a banking movement without the appropriate payload" classname="Negative tests on the &quot;SeuBarriga&quot; API" time="1.722">
    <system-out><![CDATA[HTTP/1.1 200 OK
Server: nginx/1.12.1 (Ubuntu)
Date: Tue, 09 May 2023 18:50:15 GMT
Content-Type: application/json; charset=utf-8
Content-Length: 134
Connection: keep-alive
X-Powered-By: Express
Access-Control-Allow-Origin: *
ETag: W/"86-JmpXsrjdFuRn1WK802ORF+mIArE"

{
    "id": 10223,
    "nome": "test",
    "token": "eyJ0eXAiOiJKV1QiLCJhbGciOiJIUzI1NiJ9.eyJpZCI6MTAyMjN9.zxnBf3lFzwN8wfBM438vOCjDf3eR_nUDXdvFnQ-pnU4"
}
]]></system-out>
  </testcase>
  <testcase name="Trying to insert a banking movement with incorrect end date" classname="Negative tests on the &quot;SeuBarriga&quot; API" time="1.803">
    <failure message="1 expectation failed.&#10;JSON path msg doesn&apos;t match.&#10;Expected: a collection containing &quot;Data da MovimentaÃ§Ã£o deve ser menor ou igual Ã  data atual&quot;&#10;  Actual: &lt;[Data da Movimentação deve ser menor ou igual à data atual]&gt;&#10;" type="java.lang.AssertionError"><![CDATA[java.lang.AssertionError: 
1 expectation failed.
JSON path msg doesn't match.
Expected: a collection containing "Data da MovimentaÃ§Ã£o deve ser menor ou igual Ã  data atual"
  Actual: <[Data da Movimentação deve ser menor ou igual à data atual]>

	at sun.reflect.NativeConstructorAccessorImpl.newInstance0(Native Method)
	at sun.reflect.NativeConstructorAccessorImpl.newInstance(NativeConstructorAccessorImpl.java:62)
	at sun.reflect.DelegatingConstructorAccessorImpl.newInstance(DelegatingConstructorAccessorImpl.java:45)
	at java.lang.reflect.Constructor.newInstance(Constructor.java:423)
	at org.codehaus.groovy.reflection.CachedConstructor.invoke(CachedConstructor.java:73)
	at org.codehaus.groovy.reflection.CachedConstructor.doConstructorInvoke(CachedConstructor.java:60)
	at org.codehaus.groovy.runtime.callsite.ConstructorSite$ConstructorSiteNoUnwrap.callConstructor(ConstructorSite.java:86)
	at org.codehaus.groovy.runtime.callsite.AbstractCallSite.callConstructor(AbstractCallSite.java:277)
	at io.restassured.internal.ResponseSpecificationImpl$HamcrestAssertionClosure.validate(ResponseSpecificationImpl.groovy:512)
	at io.restassured.internal.ResponseSpecificationImpl$HamcrestAssertionClosure$validate$1.call(Unknown Source)
	at io.restassured.internal.ResponseSpecificationImpl.validateResponseIfRequired(ResponseSpecificationImpl.groovy:696)
	at io.restassured.internal.ResponseSpecificationImpl.this$2$validateResponseIfRequired(ResponseSpecificationImpl.groovy)
	at sun.reflect.NativeMethodAccessorImpl.invoke0(Native Method)
	at sun.reflect.NativeMethodAccessorImpl.invoke(NativeMethodAccessorImpl.java:62)
	at sun.reflect.DelegatingMethodAccessorImpl.invoke(DelegatingMethodAccessorImpl.java:43)
	at java.lang.reflect.Method.invoke(Method.java:498)
	at org.codehaus.groovy.runtime.callsite.PlainObjectMetaMethodSite.doInvoke(PlainObjectMetaMethodSite.java:43)
	at org.codehaus.groovy.runtime.callsite.PogoMetaMethodSite$PogoCachedMethodSiteNoUnwrapNoCoerce.invoke(PogoMetaMethodSite.java:198)
	at org.codehaus.groovy.runtime.callsite.PogoMetaMethodSite.callCurrent(PogoMetaMethodSite.java:62)
	at org.codehaus.groovy.runtime.callsite.AbstractCallSite.callCurrent(AbstractCallSite.java:185)
	at io.restassured.internal.ResponseSpecificationImpl.body(ResponseSpecificationImpl.groovy:270)
	at io.restassured.specification.ResponseSpecification$body$2.callCurrent(Unknown Source)
	at org.codehaus.groovy.runtime.callsite.CallSiteArray.defaultCallCurrent(CallSiteArray.java:49)
	at io.restassured.specification.ResponseSpecification$body$2.callCurrent(Unknown Source)
	at io.restassured.internal.ResponseSpecificationImpl.body(ResponseSpecificationImpl.groovy:117)
	at io.restassured.internal.ValidatableResponseOptionsImpl.body(ValidatableResponseOptionsImpl.java:244)
	at steps.ApiBarrigaSteps.iPostTheRequestToInsertTheBankingMovementWithInnapropriateEndDate(ApiBarrigaSteps.java:148)
	at ✽.i post the request to insert the banking movement with innapropriate end date(file:///D:/rest-assured-automation-barriga/src/main/java/resources/NegativeScenarios.feature:29)
]]></failure>
    <system-out><![CDATA[HTTP/1.1 200 OK
Server: nginx/1.12.1 (Ubuntu)
Date: Tue, 09 May 2023 18:50:16 GMT
Content-Type: application/json; charset=utf-8
Content-Length: 134
Connection: keep-alive
X-Powered-By: Express
Access-Control-Allow-Origin: *
ETag: W/"86-JmpXsrjdFuRn1WK802ORF+mIArE"

{
    "id": 10223,
    "nome": "test",
    "token": "eyJ0eXAiOiJKV1QiLCJhbGciOiJIUzI1NiJ9.eyJpZCI6MTAyMjN9.zxnBf3lFzwN8wfBM438vOCjDf3eR_nUDXdvFnQ-pnU4"
}
Request method:	POST
Request URI:	https://barrigarest.wcaquino.me/transacoes
Proxy:			<none>
Request params:	<none>
Query params:	<none>
Form params:	<none>
Path params:	<none>
Headers:		Authorization=JWT eyJ0eXAiOiJKV1QiLCJhbGciOiJIUzI1NiJ9.eyJpZCI6MTAyMjN9.zxnBf3lFzwN8wfBM438vOCjDf3eR_nUDXdvFnQ-pnU4
				Accept=*/*
				Content-Type=application/json
Cookies:		<none>
Multiparts:		<none>
Body:
{
    "conta_id": 1734061,
    "descricao": "Bank transfer",
    "envolvido": "Vinicius Souza",
    "tipo": "REC",
    "data_transacao": "11/05/2023",
    "data_pagamento": "08/05/2023",
    "valor": 200.0,
    "status": true
}

HTTP/1.1 400 Bad Request
Server: nginx/1.12.1 (Ubuntu)
Date: Tue, 09 May 2023 18:50:17 GMT
Content-Type: application/json; charset=utf-8
Content-Length: 118
Connection: keep-alive
X-Powered-By: Express
Access-Control-Allow-Origin: *
ETag: W/"76-iceXFHYxZUCceEpdceQ7IZk0qT4"

[
    {
        "param": "data_transacao",
        "msg": "Data da Movimentação deve ser menor ou igual à data atual",
        "value": "11/05/2023"
    }
]
]]></system-out>
  </testcase>
  <testcase name="Trying to delete an account with banking transactions" classname="Negative tests on the &quot;SeuBarriga&quot; API" time="1.743">
    <system-out><![CDATA[HTTP/1.1 200 OK
Server: nginx/1.12.1 (Ubuntu)
Date: Tue, 09 May 2023 18:50:18 GMT
Content-Type: application/json; charset=utf-8
Content-Length: 134
Connection: keep-alive
X-Powered-By: Express
Access-Control-Allow-Origin: *
ETag: W/"86-JmpXsrjdFuRn1WK802ORF+mIArE"

{
    "id": 10223,
    "nome": "test",
    "token": "eyJ0eXAiOiJKV1QiLCJhbGciOiJIUzI1NiJ9.eyJpZCI6MTAyMjN9.zxnBf3lFzwN8wfBM438vOCjDf3eR_nUDXdvFnQ-pnU4"
}
]]></system-out>
  </testcase>
  <testcase name="Create an account and insert balance into it" classname="Positive tests on the &quot;SeuBarriga&quot; API" time="4.031">
    <system-out><![CDATA[HTTP/1.1 200 OK
Server: nginx/1.12.1 (Ubuntu)
Date: Tue, 09 May 2023 18:50:20 GMT
Content-Type: application/json; charset=utf-8
Content-Length: 134
Connection: keep-alive
X-Powered-By: Express
Access-Control-Allow-Origin: *
ETag: W/"86-JmpXsrjdFuRn1WK802ORF+mIArE"

{
    "id": 10223,
    "nome": "test",
    "token": "eyJ0eXAiOiJKV1QiLCJhbGciOiJIUzI1NiJ9.eyJpZCI6MTAyMjN9.zxnBf3lFzwN8wfBM438vOCjDf3eR_nUDXdvFnQ-pnU4"
}
Account 604785352943500
]]></system-out>
  </testcase>
  <testcase name="Edit a previously created account&apos;s name" classname="Positive tests on the &quot;SeuBarriga&quot; API" time="2.497">
    <system-out><![CDATA[HTTP/1.1 200 OK
Server: nginx/1.12.1 (Ubuntu)
Date: Tue, 09 May 2023 18:50:24 GMT
Content-Type: application/json; charset=utf-8
Content-Length: 134
Connection: keep-alive
X-Powered-By: Express
Access-Control-Allow-Origin: *
ETag: W/"86-JmpXsrjdFuRn1WK802ORF+mIArE"

{
    "id": 10223,
    "nome": "test",
    "token": "eyJ0eXAiOiJKV1QiLCJhbGciOiJIUzI1NiJ9.eyJpZCI6MTAyMjN9.zxnBf3lFzwN8wfBM438vOCjDf3eR_nUDXdvFnQ-pnU4"
}
]]></system-out>
  </testcase>
  <testcase name="Insert and remove banking movement from account" classname="Positive tests on the &quot;SeuBarriga&quot; API" time="4.23">
    <system-out><![CDATA[HTTP/1.1 200 OK
Server: nginx/1.12.1 (Ubuntu)
Date: Tue, 09 May 2023 18:50:26 GMT
Content-Type: application/json; charset=utf-8
Content-Length: 134
Connection: keep-alive
X-Powered-By: Express
Access-Control-Allow-Origin: *
ETag: W/"86-JmpXsrjdFuRn1WK802ORF+mIArE"

{
    "id": 10223,
    "nome": "test",
    "token": "eyJ0eXAiOiJKV1QiLCJhbGciOiJIUzI1NiJ9.eyJpZCI6MTAyMjN9.zxnBf3lFzwN8wfBM438vOCjDf3eR_nUDXdvFnQ-pnU4"
}
]]></system-out>
  </testcase>
</testsuite>